<?xml version="1.0" encoding="UTF-8"?>
<!-- Generated by org.testng.reporters.JUnitXMLReporter -->
<testsuite ignored="0" hostname="VINAY" failures="1" tests="1" name="Test" time="5.408" errors="0" timestamp="2024-10-15T08:48:36 IST">
  <testcase classname="mytest.Program1" name="verifyTitle" time="0.038">
    <failure type="java.lang.AssertionError" message="expected [Online shopping for  from a great selection at All Categories Store.] but found [Online Shopping site in India: Shop Online for Mobiles, Books, Watches, Shoes and More - Amazon.in]">
      <![CDATA[java.lang.AssertionError: expected [Online shopping for  from a great selection at All Categories Store.] but found [Online Shopping site in India: Shop Online for Mobiles, Books, Watches, Shoes and More - Amazon.in]
at mytest.Program1.verifyTitle(Program1.java:26)
at java.base/java.util.ArrayList.forEach(ArrayList.java:1597)
... Removed 31 stack frames]]>
    </failure>
  </testcase> <!-- verifyTitle -->
</testsuite> <!-- Test -->
