<?xml version="1.0" encoding="UTF-8"?>
<testng-results ignored="0" total="2" passed="2" failed="0" skipped="0">
  <reporter-output>
  </reporter-output>
  <suite started-at="2024-10-15T09:21:39 IST" name="Default suite" finished-at="2024-10-15T09:22:34 IST" duration-ms="54597">
    <groups>
    </groups>
    <test started-at="2024-10-15T09:21:39 IST" name="Default test" finished-at="2024-10-15T09:22:34 IST" duration-ms="54597">
      <class name="mytest.Program1">
        <test-method is-config="true" signature="setUp()[pri:0, instance:mytest.Program1@3c7f66c4]" started-at="2024-10-15T09:21:40 IST" name="setUp" finished-at="2024-10-15T09:22:03 IST" duration-ms="23084" status="PASS">
          <reporter-output>
          </reporter-output>
        </test-method> <!-- setUp -->
        <test-method signature="verifyLogo()[pri:0, instance:mytest.Program1@3c7f66c4]" started-at="2024-10-15T09:22:03 IST" name="verifyLogo" finished-at="2024-10-15T09:22:03 IST" duration-ms="53" status="PASS">
          <reporter-output>
          </reporter-output>
        </test-method> <!-- verifyLogo -->
        <test-method is-config="true" signature="tearDown()[pri:0, instance:mytest.Program1@3c7f66c4]" started-at="2024-10-15T09:22:03 IST" name="tearDown" finished-at="2024-10-15T09:22:03 IST" duration-ms="171" status="PASS">
          <reporter-output>
          </reporter-output>
        </test-method> <!-- tearDown -->
        <test-method is-config="true" signature="setUp()[pri:0, instance:mytest.Program1@3c7f66c4]" started-at="2024-10-15T09:22:03 IST" name="setUp" finished-at="2024-10-15T09:22:34 IST" duration-ms="31082" status="PASS">
          <reporter-output>
          </reporter-output>
        </test-method> <!-- setUp -->
        <test-method signature="verifyTitle()[pri:0, instance:mytest.Program1@3c7f66c4]" started-at="2024-10-15T09:22:34 IST" name="verifyTitle" finished-at="2024-10-15T09:22:34 IST" duration-ms="23" status="PASS">
          <reporter-output>
          </reporter-output>
        </test-method> <!-- verifyTitle -->
        <test-method is-config="true" signature="tearDown()[pri:0, instance:mytest.Program1@3c7f66c4]" started-at="2024-10-15T09:22:34 IST" name="tearDown" finished-at="2024-10-15T09:22:34 IST" duration-ms="150" status="PASS">
          <reporter-output>
          </reporter-output>
        </test-method> <!-- tearDown -->
      </class> <!-- mytest.Program1 -->
    </test> <!-- Default test -->
  </suite> <!-- Default suite -->
</testng-results>
